2024-03-16 11:53:10,033 - KNOWN: 103.10.124.124, ext3-sgp1.steamserver.net
2024-03-16 11:53:10,033 - -----
2024-03-16 11:53:10,148 - hostname : 103-10-124-124.valve.net
2024-03-16 11:53:10,148 - city     : Singapore
2024-03-16 11:53:10,148 - country  : SG
2024-03-16 11:53:10,148 - loc      : 1.2897,103.8501
2024-03-16 11:53:10,148 - org      : AS32590 Valve Corporation
2024-03-16 11:53:10,148 - =====
2024-03-16 11:53:10,148 - KNOWN: 103.10.124.125, ext4-sgp1.steamserver.net
2024-03-16 11:53:10,148 - -----
2024-03-16 11:53:10,279 - hostname : 103-10-124-125.valve.net
2024-03-16 11:53:10,280 - city     : Singapore
2024-03-16 11:53:10,280 - country  : SG
2024-03-16 11:53:10,280 - loc      : 1.2897,103.8501
2024-03-16 11:53:10,280 - org      : AS32590 Valve Corporation
2024-03-16 11:53:10,281 - =====
2024-03-16 11:53:10,281 - KNOWN: 103.28.54.162, ext3-hkg1.steamserver.net
2024-03-16 11:53:10,281 - -----
2024-03-16 11:53:10,394 - hostname : 103-28-54-162.valve.net
2024-03-16 11:53:10,395 - city     : Hong Kong
2024-03-16 11:53:10,395 - country  : HK
2024-03-16 11:53:10,395 - loc      : 22.2783,114.1747
2024-03-16 11:53:10,395 - org      : AS32590 Valve Corporation
2024-03-16 11:53:10,395 - =====
2024-03-16 11:53:10,395 - KNOWN: 103.28.54.165, ext1-hkg1.steamserver.net
2024-03-16 11:53:10,395 - -----
2024-03-16 11:53:10,505 - hostname : 103-28-54-165.valve.net
2024-03-16 11:53:10,505 - city     : Hong Kong
2024-03-16 11:53:10,505 - country  : HK
2024-03-16 11:53:10,505 - loc      : 22.2783,114.1747
2024-03-16 11:53:10,505 - org      : AS32590 Valve Corporation
2024-03-16 11:53:10,505 - =====
2024-03-16 11:53:10,505 - KNOWN: 103.28.54.171, ext5-hkg1.steamserver.net
2024-03-16 11:53:10,505 - -----
2024-03-16 11:53:10,614 - hostname : 103-28-54-171.valve.net
2024-03-16 11:53:10,614 - city     : Hong Kong
2024-03-16 11:53:10,614 - country  : HK
2024-03-16 11:53:10,614 - loc      : 22.2783,114.1747
2024-03-16 11:53:10,614 - org      : AS32590 Valve Corporation
2024-03-16 11:53:10,614 - =====
2024-03-16 11:53:10,614 - KNOWN: 103.28.54.173, ext7-hkg1.steamserver.net
2024-03-16 11:53:10,614 - -----
2024-03-16 11:53:10,697 - hostname : 103-28-54-173.valve.net
2024-03-16 11:53:10,697 - city     : Hong Kong
2024-03-16 11:53:10,698 - country  : HK
2024-03-16 11:53:10,698 - loc      : 22.2783,114.1747
2024-03-16 11:53:10,698 - org      : AS32590 Valve Corporation
2024-03-16 11:53:10,698 - =====
2024-03-16 11:53:10,698 - KNOWN: 103.28.54.178, ext4-hkg1.steamserver.net
2024-03-16 11:53:10,698 - -----
2024-03-16 11:53:10,796 - hostname : 103-28-54-178.valve.net
2024-03-16 11:53:10,796 - city     : Hong Kong
2024-03-16 11:53:10,796 - country  : HK
2024-03-16 11:53:10,796 - loc      : 22.2783,114.1747
2024-03-16 11:53:10,796 - org      : AS32590 Valve Corporation
2024-03-16 11:53:10,796 - =====
2024-03-16 11:53:10,797 - KNOWN: 103.28.54.181, ext2-hkg1.steamserver.net
2024-03-16 11:53:10,797 - -----
2024-03-16 11:53:10,885 - hostname : 103-28-54-181.valve.net
2024-03-16 11:53:10,886 - city     : Hong Kong
2024-03-16 11:53:10,886 - country  : HK
2024-03-16 11:53:10,886 - loc      : 22.2783,114.1747
2024-03-16 11:53:10,886 - org      : AS32590 Valve Corporation
2024-03-16 11:53:10,886 - =====
2024-03-16 11:53:10,886 - KNOWN: 104.109.129.64, test.steampowered.com
2024-03-16 11:53:10,886 - -----
2024-03-16 11:53:10,985 - hostname : a104-109-129-64.deploy.static.akamaitechnologies.com
2024-03-16 11:53:10,985 - city     : Tokyo
2024-03-16 11:53:10,985 - country  : JP
2024-03-16 11:53:10,985 - loc      : 35.6895,139.6917
2024-03-16 11:53:10,985 - org      : AS20940 Akamai International B.V.
2024-03-16 11:53:10,985 - =====
2024-03-16 11:53:10,985 - KNOWN: 104.109.129.66, test.steampowered.com
2024-03-16 11:53:10,985 - -----
2024-03-16 11:53:11,090 - hostname : a104-109-129-66.deploy.static.akamaitechnologies.com
2024-03-16 11:53:11,090 - city     : Tokyo
2024-03-16 11:53:11,090 - country  : JP
2024-03-16 11:53:11,090 - loc      : 35.6895,139.6917
2024-03-16 11:53:11,090 - org      : AS20940 Akamai International B.V.
2024-03-16 11:53:11,090 - =====
2024-03-16 11:53:11,091 - KNOWN: 104.78.90.84, api.steampowered.com
2024-03-16 11:53:11,091 - -----
2024-03-16 11:53:11,201 - hostname : a104-78-90-84.deploy.static.akamaitechnologies.com
2024-03-16 11:53:11,201 - city     : Tokyo
2024-03-16 11:53:11,201 - country  : JP
2024-03-16 11:53:11,201 - loc      : 35.6895,139.6917
2024-03-16 11:53:11,201 - org      : AS16625 Akamai Technologies, Inc.
2024-03-16 11:53:11,201 - =====
2024-03-16 11:53:11,201 - KNOWN: 125.56.201.114, test.steampowered.com
2024-03-16 11:53:11,201 - -----
2024-03-16 11:53:11,357 - hostname : a125-56-201-114.deploy.static.akamaitechnologies.com
2024-03-16 11:53:11,357 - city     : Tokyo
2024-03-16 11:53:11,357 - country  : JP
2024-03-16 11:53:11,357 - loc      : 35.6895,139.6917
2024-03-16 11:53:11,357 - org      : AS20940 Akamai International B.V.
2024-03-16 11:53:11,357 - =====
2024-03-16 11:53:11,357 - KNOWN: 125.56.201.96, a1768.g1.akamai.net
2024-03-16 11:53:11,357 - -----
2024-03-16 11:53:11,447 - hostname : a125-56-201-96.deploy.static.akamaitechnologies.com
2024-03-16 11:53:11,447 - city     : Tokyo
2024-03-16 11:53:11,447 - country  : JP
2024-03-16 11:53:11,447 - loc      : 35.6895,139.6917
2024-03-16 11:53:11,447 - org      : AS20940 Akamai International B.V.
2024-03-16 11:53:11,447 - =====
2024-03-16 11:53:11,447 - KNOWN: 125.56.201.97, test.steampowered.com
2024-03-16 11:53:11,447 - -----
2024-03-16 11:53:11,531 - hostname : a125-56-201-97.deploy.static.akamaitechnologies.com
2024-03-16 11:53:11,531 - city     : Tokyo
2024-03-16 11:53:11,531 - country  : JP
2024-03-16 11:53:11,531 - loc      : 35.6895,139.6917
2024-03-16 11:53:11,531 - org      : AS20940 Akamai International B.V.
2024-03-16 11:53:11,531 - =====
2024-03-16 11:53:11,531 - KNOWN: 155.133.253.34, ext1-dfw1.steamserver.net
2024-03-16 11:53:11,531 - -----
2024-03-16 11:53:11,616 - city     : Dallas
2024-03-16 11:53:11,616 - country  : US
2024-03-16 11:53:11,616 - loc      : 32.7831,-96.8067
2024-03-16 11:53:11,616 - org      : AS32590 Valve Corporation
2024-03-16 11:53:11,616 - =====
2024-03-16 11:53:11,616 - KNOWN: 155.133.253.50, ext2-dfw1.steamserver.net
2024-03-16 11:53:11,616 - -----
2024-03-16 11:53:11,710 - city     : Dallas
2024-03-16 11:53:11,710 - country  : US
2024-03-16 11:53:11,710 - loc      : 32.7831,-96.8067
2024-03-16 11:53:11,710 - org      : AS32590 Valve Corporation
2024-03-16 11:53:11,710 - =====
2024-03-16 11:53:11,710 - KNOWN: 162.254.192.71, ext3-iad1.steamserver.net
2024-03-16 11:53:11,710 - -----
2024-03-16 11:53:11,823 - hostname : 162-254-192-71.valve.net
2024-03-16 11:53:11,823 - city     : Centreville
2024-03-16 11:53:11,823 - country  : US
2024-03-16 11:53:11,823 - loc      : 38.8404,-77.4289
2024-03-16 11:53:11,823 - org      : AS32590 Valve Corporation
2024-03-16 11:53:11,823 - =====
2024-03-16 11:53:11,823 - KNOWN: 162.254.192.87, ext4-iad1.steamserver.net
2024-03-16 11:53:11,823 - -----
2024-03-16 11:53:11,933 - hostname : 162-254-192-87.valve.net
2024-03-16 11:53:11,933 - city     : Centreville
2024-03-16 11:53:11,933 - country  : US
2024-03-16 11:53:11,933 - loc      : 38.8404,-77.4289
2024-03-16 11:53:11,933 - org      : AS32590 Valve Corporation
2024-03-16 11:53:11,933 - =====
2024-03-16 11:53:11,933 - KNOWN: 162.254.193.102, ext1-ord1.steamserver.net
2024-03-16 11:53:11,933 - -----
2024-03-16 11:53:12,033 - hostname : 162-254-193-102.valve.net
2024-03-16 11:53:12,033 - city     : Chicago
2024-03-16 11:53:12,033 - country  : US
2024-03-16 11:53:12,033 - loc      : 41.8500,-87.6500
2024-03-16 11:53:12,033 - org      : AS32590 Valve Corporation
2024-03-16 11:53:12,033 - =====
2024-03-16 11:53:12,033 - KNOWN: 173.222.248.73, a1768.g1.akamai.net
2024-03-16 11:53:12,033 - -----
2024-03-16 11:53:12,137 - hostname : a173-222-248-73.deploy.static.akamaitechnologies.com
2024-03-16 11:53:12,137 - city     : Tokyo
2024-03-16 11:53:12,137 - country  : JP
2024-03-16 11:53:12,137 - loc      : 35.6895,139.6917
2024-03-16 11:53:12,137 - org      : AS20940 Akamai International B.V.
2024-03-16 11:53:12,137 - =====
2024-03-16 11:53:12,137 - KNOWN: 173.222.248.78, a1768.g1.akamai.net
2024-03-16 11:53:12,137 - -----
2024-03-16 11:53:12,229 - hostname : a173-222-248-78.deploy.static.akamaitechnologies.com
2024-03-16 11:53:12,229 - city     : Tokyo
2024-03-16 11:53:12,229 - country  : JP
2024-03-16 11:53:12,229 - loc      : 35.6895,139.6917
2024-03-16 11:53:12,229 - org      : AS20940 Akamai International B.V.
2024-03-16 11:53:12,229 - =====
2024-03-16 11:53:12,229 - KNOWN: 184.26.241.154, api.steampowered.com
2024-03-16 11:53:12,229 - -----
2024-03-16 11:53:12,327 - hostname : a184-26-241-154.deploy.static.akamaitechnologies.com
2024-03-16 11:53:12,328 - city     : Tokyo
2024-03-16 11:53:12,328 - country  : JP
2024-03-16 11:53:12,328 - loc      : 35.6895,139.6917
2024-03-16 11:53:12,328 - org      : AS20940 Akamai International B.V.
2024-03-16 11:53:12,328 - =====
2024-03-16 11:53:12,328 - KNOWN: 192.169.122.224, alibaba.cdn.steampipe.steamcontent.com.w.alikunlun.com
2024-03-16 11:53:12,328 - -----
2024-03-16 11:53:12,430 - city     : Taipei
2024-03-16 11:53:12,430 - country  : TW
2024-03-16 11:53:12,430 - loc      : 25.0478,121.5319
2024-03-16 11:53:12,430 - org      : AS21859 Zenlayer Inc
2024-03-16 11:53:12,430 - =====
2024-03-16 11:53:12,431 - KNOWN: 192.169.122.225, alibaba.cdn.steampipe.steamcontent.com.w.alikunlun.com
2024-03-16 11:53:12,431 - -----
2024-03-16 11:53:12,528 - city     : Taipei
2024-03-16 11:53:12,528 - country  : TW
2024-03-16 11:53:12,528 - loc      : 25.0478,121.5319
2024-03-16 11:53:12,529 - org      : AS21859 Zenlayer Inc
2024-03-16 11:53:12,529 - =====
2024-03-16 11:53:12,529 - KNOWN: 192.169.122.226, alibaba.cdn.steampipe.steamcontent.com.w.alikunlun.com
2024-03-16 11:53:12,529 - -----
2024-03-16 11:53:12,618 - city     : Taipei
2024-03-16 11:53:12,618 - country  : TW
2024-03-16 11:53:12,619 - loc      : 25.0478,121.5319
2024-03-16 11:53:12,619 - org      : AS21859 Zenlayer Inc
2024-03-16 11:53:12,619 - =====
2024-03-16 11:53:12,619 - KNOWN: 192.169.122.227, alibaba.cdn.steampipe.steamcontent.com.w.alikunlun.com
2024-03-16 11:53:12,619 - -----
2024-03-16 11:53:12,736 - city     : Taipei
2024-03-16 11:53:12,736 - country  : TW
2024-03-16 11:53:12,736 - loc      : 25.0478,121.5319
2024-03-16 11:53:12,736 - org      : AS21859 Zenlayer Inc
2024-03-16 11:53:12,736 - =====
2024-03-16 11:53:12,736 - KNOWN: 192.169.122.228, alibaba.cdn.steampipe.steamcontent.com.w.alikunlun.com
2024-03-16 11:53:12,736 - -----
2024-03-16 11:53:12,842 - city     : Taipei
2024-03-16 11:53:12,842 - country  : TW
2024-03-16 11:53:12,842 - loc      : 25.0478,121.5319
2024-03-16 11:53:12,842 - org      : AS21859 Zenlayer Inc
2024-03-16 11:53:12,842 - =====
2024-03-16 11:53:12,842 - KNOWN: 192.169.122.229, alibaba.cdn.steampipe.steamcontent.com.w.alikunlun.com
2024-03-16 11:53:12,842 - -----
2024-03-16 11:53:12,928 - city     : Taipei
2024-03-16 11:53:12,929 - country  : TW
2024-03-16 11:53:12,929 - loc      : 25.0478,121.5319
2024-03-16 11:53:12,929 - org      : AS21859 Zenlayer Inc
2024-03-16 11:53:12,929 - =====
2024-03-16 11:53:12,929 - KNOWN: 192.169.122.230, alibaba.cdn.steampipe.steamcontent.com.w.alikunlun.com
2024-03-16 11:53:12,929 - -----
2024-03-16 11:53:13,019 - city     : Taipei
2024-03-16 11:53:13,019 - country  : TW
2024-03-16 11:53:13,019 - loc      : 25.0478,121.5319
2024-03-16 11:53:13,019 - org      : AS21859 Zenlayer Inc
2024-03-16 11:53:13,019 - =====
2024-03-16 11:53:13,019 - KNOWN: 192.169.122.231, alibaba.cdn.steampipe.steamcontent.com.w.alikunlun.com
2024-03-16 11:53:13,019 - -----
2024-03-16 11:53:13,119 - city     : Taipei
2024-03-16 11:53:13,119 - country  : TW
2024-03-16 11:53:13,119 - loc      : 25.0478,121.5319
2024-03-16 11:53:13,119 - org      : AS21859 Zenlayer Inc
2024-03-16 11:53:13,119 - =====
2024-03-16 11:53:13,119 - KNOWN: 205.196.6.214, ext1-sea1.steamserver.net
2024-03-16 11:53:13,119 - -----
2024-03-16 11:53:13,233 - city     : Seattle
2024-03-16 11:53:13,233 - country  : US
2024-03-16 11:53:13,234 - loc      : 47.6062,-122.3321
2024-03-16 11:53:13,234 - org      : AS32590 Valve Corporation
2024-03-16 11:53:13,234 - =====
2024-03-16 11:53:13,234 - KNOWN: 23.205.46.89, test.steampowered.com
2024-03-16 11:53:13,234 - -----
2024-03-16 11:53:13,397 - hostname : a23-205-46-89.deploy.static.akamaitechnologies.com
2024-03-16 11:53:13,397 - city     : Tokyo
2024-03-16 11:53:13,397 - country  : JP
2024-03-16 11:53:13,397 - loc      : 35.6895,139.6917
2024-03-16 11:53:13,397 - org      : AS20940 Akamai International B.V.
2024-03-16 11:53:13,397 - =====
2024-03-16 11:53:13,397 - KNOWN: 23.205.46.93, test.steampowered.com
2024-03-16 11:53:13,397 - -----
2024-03-16 11:53:13,486 - hostname : a23-205-46-93.deploy.static.akamaitechnologies.com
2024-03-16 11:53:13,486 - city     : Tokyo
2024-03-16 11:53:13,486 - country  : JP
2024-03-16 11:53:13,486 - loc      : 35.6895,139.6917
2024-03-16 11:53:13,486 - org      : AS20940 Akamai International B.V.
2024-03-16 11:53:13,486 - =====
2024-03-16 11:53:13,486 - KNOWN: 23.213.184.176, test.steampowered.com
2024-03-16 11:53:13,486 - -----
2024-03-16 11:53:13,570 - hostname : a23-213-184-176.deploy.static.akamaitechnologies.com
2024-03-16 11:53:13,570 - city     : Tokyo
2024-03-16 11:53:13,570 - country  : JP
2024-03-16 11:53:13,570 - loc      : 35.6895,139.6917
2024-03-16 11:53:13,570 - org      : AS20940 Akamai International B.V.
2024-03-16 11:53:13,570 - =====
2024-03-16 11:53:13,570 - KNOWN: 23.213.184.180, test.steampowered.com
2024-03-16 11:53:13,570 - -----
2024-03-16 11:53:13,677 - hostname : a23-213-184-180.deploy.static.akamaitechnologies.com
2024-03-16 11:53:13,677 - city     : Tokyo
2024-03-16 11:53:13,677 - country  : JP
2024-03-16 11:53:13,677 - loc      : 35.6895,139.6917
2024-03-16 11:53:13,677 - org      : AS20940 Akamai International B.V.
2024-03-16 11:53:13,677 - =====
2024-03-16 11:53:13,677 - KNOWN: 23.33.32.176, a1507.dscw27.akamai.net
2024-03-16 11:53:13,677 - -----
2024-03-16 11:53:13,772 - hostname : a23-33-32-176.deploy.static.akamaitechnologies.com
2024-03-16 11:53:13,773 - city     : Tokyo
2024-03-16 11:53:13,773 - country  : JP
2024-03-16 11:53:13,773 - loc      : 35.6895,139.6917
2024-03-16 11:53:13,773 - org      : AS20940 Akamai International B.V.
2024-03-16 11:53:13,773 - =====
2024-03-16 11:53:13,773 - KNOWN: 23.33.32.185, a1507.dscw27.akamai.net
2024-03-16 11:53:13,773 - -----
2024-03-16 11:53:13,877 - hostname : a23-33-32-185.deploy.static.akamaitechnologies.com
2024-03-16 11:53:13,878 - city     : Tokyo
2024-03-16 11:53:13,878 - country  : JP
2024-03-16 11:53:13,878 - loc      : 35.6895,139.6917
2024-03-16 11:53:13,878 - org      : AS20940 Akamai International B.V.
2024-03-16 11:53:13,878 - =====
2024-03-16 11:53:13,878 - KNOWN: 23.34.107.26, api.steampowered.com
2024-03-16 11:53:13,878 - -----
2024-03-16 11:53:13,972 - hostname : a23-34-107-26.deploy.static.akamaitechnologies.com
2024-03-16 11:53:13,973 - city     : Tokyo
2024-03-16 11:53:13,973 - country  : JP
2024-03-16 11:53:13,973 - loc      : 35.6895,139.6917
2024-03-16 11:53:13,973 - org      : AS16625 Akamai Technologies, Inc.
2024-03-16 11:53:13,973 - =====
2024-03-16 11:53:13,973 - KNOWN: 23.42.220.45, api.steampowered.com
2024-03-16 11:53:13,973 - -----
2024-03-16 11:53:14,066 - hostname : a23-42-220-45.deploy.static.akamaitechnologies.com
2024-03-16 11:53:14,067 - city     : Tokyo
2024-03-16 11:53:14,067 - country  : JP
2024-03-16 11:53:14,067 - loc      : 35.6895,139.6917
2024-03-16 11:53:14,068 - org      : AS16625 Akamai Technologies, Inc.
2024-03-16 11:53:14,068 - =====
2024-03-16 11:53:14,068 - KNOWN: 23.45.51.160, a1768.g1.akamai.net
2024-03-16 11:53:14,068 - -----
2024-03-16 11:53:14,163 - hostname : a23-45-51-160.deploy.static.akamaitechnologies.com
2024-03-16 11:53:14,163 - city     : Tokyo
2024-03-16 11:53:14,163 - country  : JP
2024-03-16 11:53:14,163 - loc      : 35.6895,139.6917
2024-03-16 11:53:14,163 - org      : AS20940 Akamai International B.V.
2024-03-16 11:53:14,163 - =====
2024-03-16 11:53:14,163 - KNOWN: 23.45.51.163, a1768.g1.akamai.net
2024-03-16 11:53:14,164 - -----
2024-03-16 11:53:14,289 - hostname : a23-45-51-163.deploy.static.akamaitechnologies.com
2024-03-16 11:53:14,289 - city     : Tokyo
2024-03-16 11:53:14,289 - country  : JP
2024-03-16 11:53:14,289 - loc      : 35.6895,139.6917
2024-03-16 11:53:14,289 - org      : AS20940 Akamai International B.V.
2024-03-16 11:53:14,289 - =====
2024-03-16 11:53:14,289 - KNOWN: 23.77.204.169, a1768.g1.akamai.net
2024-03-16 11:53:14,289 - -----
2024-03-16 11:53:14,417 - hostname : a23-77-204-169.deploy.static.akamaitechnologies.com
2024-03-16 11:53:14,417 - city     : Tokyo
2024-03-16 11:53:14,417 - country  : JP
2024-03-16 11:53:14,417 - loc      : 35.6895,139.6917
2024-03-16 11:53:14,417 - org      : AS20940 Akamai International B.V.
2024-03-16 11:53:14,417 - =====
2024-03-16 11:53:14,417 - KNOWN: 34.104.36.43, google2.cdn.steampipe.steamcontent.com
2024-03-16 11:53:14,417 - -----
2024-03-16 11:53:14,506 - hostname : 43.36.104.34.bc.googleusercontent.com
2024-03-16 11:53:14,506 - city     : Mountain View
2024-03-16 11:53:14,506 - country  : US
2024-03-16 11:53:14,506 - loc      : 37.4056,-122.0775
2024-03-16 11:53:14,506 - org      : AS396982 Google LLC
2024-03-16 11:53:14,506 - =====
2024-03-16 11:53:14,506 - KNOWN: 45.121.184.20, ext1-tyo3.steamserver.net
2024-03-16 11:53:14,506 - -----
2024-03-16 11:53:14,610 - city     : Tokyo
2024-03-16 11:53:14,611 - country  : JP
2024-03-16 11:53:14,611 - loc      : 35.6895,139.6917
2024-03-16 11:53:14,611 - org      : AS32590 Valve Corporation
2024-03-16 11:53:14,611 - =====
2024-03-16 11:53:14,611 - KNOWN: 45.121.184.21, ext2-tyo3.steamserver.net
2024-03-16 11:53:14,611 - -----
2024-03-16 11:53:14,695 - city     : Tokyo
2024-03-16 11:53:14,696 - country  : JP
2024-03-16 11:53:14,696 - loc      : 35.6895,139.6917
2024-03-16 11:53:14,696 - org      : AS32590 Valve Corporation
2024-03-16 11:53:14,696 - =====
2024-03-16 11:53:14,696 - KNOWN: 45.121.184.22, ext3-tyo3.steamserver.net
2024-03-16 11:53:14,696 - -----
2024-03-16 11:53:14,795 - city     : Tokyo
2024-03-16 11:53:14,795 - country  : JP
2024-03-16 11:53:14,795 - loc      : 35.6895,139.6917
2024-03-16 11:53:14,795 - org      : AS32590 Valve Corporation
2024-03-16 11:53:14,795 - =====
2024-03-16 11:53:14,795 - KNOWN: 45.121.184.23, ext4-tyo3.steamserver.net
2024-03-16 11:53:14,795 - -----
2024-03-16 11:53:14,892 - city     : Tokyo
2024-03-16 11:53:14,892 - country  : JP
2024-03-16 11:53:14,892 - loc      : 35.6895,139.6917
2024-03-16 11:53:14,893 - org      : AS32590 Valve Corporation
2024-03-16 11:53:14,893 - =====
2024-03-16 11:53:14,893 - KNOWN: 45.121.184.36, cache1-tyo3.steamcontent.com
2024-03-16 11:53:14,893 - -----
2024-03-16 11:53:14,981 - city     : Tokyo
2024-03-16 11:53:14,981 - country  : JP
2024-03-16 11:53:14,981 - loc      : 35.6895,139.6917
2024-03-16 11:53:14,981 - org      : AS32590 Valve Corporation
2024-03-16 11:53:14,981 - =====
2024-03-16 11:53:14,981 - KNOWN: 45.121.184.37, cache2-tyo3.steamcontent.com
2024-03-16 11:53:14,981 - -----
2024-03-16 11:53:15,081 - city     : Tokyo
2024-03-16 11:53:15,082 - country  : JP
2024-03-16 11:53:15,082 - loc      : 35.6895,139.6917
2024-03-16 11:53:15,082 - org      : AS32590 Valve Corporation
2024-03-16 11:53:15,082 - =====
2024-03-16 11:53:15,082 - KNOWN: 45.121.184.38, cache3-tyo3.steamcontent.com
2024-03-16 11:53:15,082 - -----
2024-03-16 11:53:15,176 - city     : Tokyo
2024-03-16 11:53:15,177 - country  : JP
2024-03-16 11:53:15,177 - loc      : 35.6895,139.6917
2024-03-16 11:53:15,177 - org      : AS32590 Valve Corporation
2024-03-16 11:53:15,177 - =====
2024-03-16 11:53:15,177 - KNOWN: 45.121.184.39, cache4-tyo3.steamcontent.com
2024-03-16 11:53:15,177 - -----
2024-03-16 11:53:15,279 - city     : Tokyo
2024-03-16 11:53:15,279 - country  : JP
2024-03-16 11:53:15,279 - loc      : 35.6895,139.6917
2024-03-16 11:53:15,279 - org      : AS32590 Valve Corporation
2024-03-16 11:53:15,280 - =====
2024-03-16 11:53:15,280 - KNOWN: 45.121.184.40, cache5-tyo3.steamcontent.com
2024-03-16 11:53:15,280 - -----
2024-03-16 11:53:15,376 - city     : Tokyo
2024-03-16 11:53:15,377 - country  : JP
2024-03-16 11:53:15,377 - loc      : 35.6895,139.6917
2024-03-16 11:53:15,377 - org      : AS32590 Valve Corporation
2024-03-16 11:53:15,377 - =====
2024-03-16 11:53:15,377 - KNOWN: 45.121.184.41, cache6-tyo3.steamcontent.com
2024-03-16 11:53:15,377 - -----
2024-03-16 11:53:15,490 - city     : Tokyo
2024-03-16 11:53:15,490 - country  : JP
2024-03-16 11:53:15,490 - loc      : 35.6895,139.6917
2024-03-16 11:53:15,490 - org      : AS32590 Valve Corporation
2024-03-16 11:53:15,490 - =====
2024-03-16 11:53:15,490 - KNOWN: 45.121.184.42, cache7-tyo3.steamcontent.com
2024-03-16 11:53:15,490 - -----
2024-03-16 11:53:15,590 - city     : Tokyo
2024-03-16 11:53:15,590 - country  : JP
2024-03-16 11:53:15,590 - loc      : 35.6895,139.6917
2024-03-16 11:53:15,590 - org      : AS32590 Valve Corporation
2024-03-16 11:53:15,590 - =====
2024-03-16 11:53:15,590 - KNOWN: 45.121.184.43, cache8-tyo3.steamcontent.com
2024-03-16 11:53:15,590 - -----
2024-03-16 11:53:15,697 - city     : Tokyo
2024-03-16 11:53:15,698 - country  : JP
2024-03-16 11:53:15,698 - loc      : 35.6895,139.6917
2024-03-16 11:53:15,698 - org      : AS32590 Valve Corporation
2024-03-16 11:53:15,698 - =====
2024-03-16 11:53:15,698 - KNOWN: 96.7.244.133, test.steampowered.com
2024-03-16 11:53:15,698 - -----
2024-03-16 11:53:15,804 - hostname : a96-7-244-133.deploy.static.akamaitechnologies.com
2024-03-16 11:53:15,804 - city     : Tokyo
2024-03-16 11:53:15,804 - country  : JP
2024-03-16 11:53:15,804 - loc      : 35.6895,139.6917
2024-03-16 11:53:15,804 - org      : AS20940 Akamai International B.V.
2024-03-16 11:53:15,804 - =====
2024-03-16 11:53:15,804 - KNOWN: 96.7.244.151, test.steampowered.com
2024-03-16 11:53:15,804 - -----
2024-03-16 11:53:15,899 - hostname : a96-7-244-151.deploy.static.akamaitechnologies.com
2024-03-16 11:53:15,899 - city     : Tokyo
2024-03-16 11:53:15,899 - country  : JP
2024-03-16 11:53:15,899 - loc      : 35.6895,139.6917
2024-03-16 11:53:15,899 - org      : AS20940 Akamai International B.V.
2024-03-16 11:53:15,899 - =====
